<?xml version="1.0" encoding="UTF-8"?>
<!-- Generated by org.testng.reporters.JUnitReportReporter -->
<testsuite hostname="DESKTOP-O6VBOGG" name="javaStreams.Test1" tests="1" failures="0" timestamp="10 Nov 2021 11:45:33 GMT" time="0.072" errors="0">
  <testcase name="streamCollect" time="0.072" classname="javaStreams.Test1"/>
</testsuite> <!-- javaStreams.Test1 -->
